# JRE version: OpenJDK Runtime Environment (8.0_242-b01) (build 1.8.0_242-release-1644-b01)
# Java VM: OpenJDK 64-Bit Server VM (25.242-b01 mixed mode windows-amd64 compressed oops)
Heap:
 PSYoungGen      total 542208K, used 285010K [0x00000000d5580000, 0x0000000100000000, 0x0000000100000000)
  eden space 385536K, 65% used [0x00000000d5580000,0x00000000e4a42f98,0x00000000ece00000)
  from space 156672K, 21% used [0x00000000ece00000,0x00000000eef91930,0x00000000f6700000)
  to   space 150528K, 0% used [0x00000000f6d00000,0x00000000f6d00000,0x0000000100000000)
 ParOldGen       total 287744K, used 117336K [0x0000000080000000, 0x0000000091900000, 0x00000000d5580000)
  object space 287744K, 40% used [0x0000000080000000,0x00000000872962c8,0x0000000091900000)
 Metaspace       used 168229K, capacity 175626K, committed 175768K, reserved 1202176K
  class space    used 20743K, capacity 22148K, committed 22192K, reserved 1048576K
GC Heap History (10 events):
Event: 2909.038 GC heap before
{Heap before GC invocations=32 (full 7):
 PSYoungGen      total 539648K, used 33031K [0x00000000d5580000, 0x0000000100000000, 0x0000000100000000)
  eden space 380416K, 0% used [0x00000000d5580000,0x00000000d5580000,0x00000000ec900000)
  from space 159232K, 20% used [0x00000000ec900000,0x00000000ee941f78,0x00000000f6480000)
  to   space 153088K, 0% used [0x00000000f6a80000,0x00000000f6a80000,0x0000000100000000)
 ParOldGen       total 239616K, used 218292K [0x0000000080000000, 0x000000008ea00000, 0x00000000d5580000)
  object space 239616K, 91% used [0x0000000080000000,0x000000008d52d070,0x000000008ea00000)
 Metaspace       used 142932K, capacity 149302K, committed 149528K, reserved 1179648K
  class space    used 17758K, capacity 18901K, committed 18992K, reserved 1048576K
Event: 2911.419 GC heap after
Heap after GC invocations=32 (full 7):
 PSYoungGen      total 539648K, used 0K [0x00000000d5580000, 0x0000000100000000, 0x0000000100000000)
  eden space 380416K, 0% used [0x00000000d5580000,0x00000000d5580000,0x00000000ec900000)
  from space 159232K, 0% used [0x00000000ec900000,0x00000000ec900000,0x00000000f6480000)
  to   space 153088K, 0% used [0x00000000f6a80000,0x00000000f6a80000,0x0000000100000000)
 ParOldGen       total 287744K, used 117312K [0x0000000080000000, 0x0000000091900000, 0x00000000d5580000)
  object space 287744K, 40% used [0x0000000080000000,0x00000000872902c8,0x0000000091900000)
 Metaspace       used 141922K, capacity 147560K, committed 149528K, reserved 1179648K
  class space    used 17568K, capacity 18566K, committed 18992K, reserved 1048576K
}
Event: 4203.656 GC heap before
{Heap before GC invocations=33 (full 7):
 PSYoungGen      total 539648K, used 380416K [0x00000000d5580000, 0x0000000100000000, 0x0000000100000000)
  eden space 380416K, 100% used [0x00000000d5580000,0x00000000ec900000,0x00000000ec900000)
  from space 159232K, 0% used [0x00000000ec900000,0x00000000ec900000,0x00000000f6480000)
  to   space 153088K, 0% used [0x00000000f6a80000,0x00000000f6a80000,0x0000000100000000)
 ParOldGen       total 287744K, used 117312K [0x0000000080000000, 0x0000000091900000, 0x00000000d5580000)
  object space 287744K, 40% used [0x0000000080000000,0x00000000872902c8,0x0000000091900000)
 Metaspace       used 147871K, capacity 154426K, committed 154648K, reserved 1183744K
  class space    used 18403K, capacity 19646K, committed 19760K, reserved 1048576K
Event: 4204.273 GC heap after
Heap after GC invocations=33 (full 7):
 PSYoungGen      total 523264K, used 27806K [0x00000000d5580000, 0x00000000ff000000, 0x0000000100000000)
  eden space 386560K, 0% used [0x00000000d5580000,0x00000000d5580000,0x00000000ecf00000)
  from space 136704K, 20% used [0x00000000f6a80000,0x00000000f85a7b98,0x00000000ff000000)
  to   space 147968K, 0% used [0x00000000ecf00000,0x00000000ecf00000,0x00000000f5f80000)
 ParOldGen       total 287744K, used 117320K [0x0000000080000000, 0x0000000091900000, 0x00000000d5580000)
  object space 287744K, 40% used [0x0000000080000000,0x00000000872922c8,0x0000000091900000)
 Metaspace       used 147871K, capacity 154426K, committed 154648K, reserved 1183744K
  class space    used 18403K, capacity 19646K, committed 19760K, reserved 1048576K
}
Event: 4281.267 GC heap before
{Heap before GC invocations=34 (full 7):
 PSYoungGen      total 523264K, used 414366K [0x00000000d5580000, 0x00000000ff000000, 0x0000000100000000)
  eden space 386560K, 100% used [0x00000000d5580000,0x00000000ecf00000,0x00000000ecf00000)
  from space 136704K, 20% used [0x00000000f6a80000,0x00000000f85a7b98,0x00000000ff000000)
  to   space 147968K, 0% used [0x00000000ecf00000,0x00000000ecf00000,0x00000000f5f80000)
 ParOldGen       total 287744K, used 117320K [0x0000000080000000, 0x0000000091900000, 0x00000000d5580000)
  object space 287744K, 40% used [0x0000000080000000,0x00000000872922c8,0x0000000091900000)
 Metaspace       used 151857K, capacity 158618K, committed 158744K, reserved 1187840K
  class space    used 18895K, capacity 20158K, committed 20272K, reserved 1048576K
Event: 4281.451 GC heap after
Heap after GC invocations=34 (full 7):
 PSYoungGen      total 534528K, used 32722K [0x00000000d5580000, 0x00000000ffe00000, 0x0000000100000000)
  eden space 386560K, 0% used [0x00000000d5580000,0x00000000d5580000,0x00000000ecf00000)
  from space 147968K, 22% used [0x00000000ecf00000,0x00000000eeef4900,0x00000000f5f80000)
  to   space 141312K, 0% used [0x00000000f7400000,0x00000000f7400000,0x00000000ffe00000)
 ParOldGen       total 287744K, used 117328K [0x0000000080000000, 0x0000000091900000, 0x00000000d5580000)
  object space 287744K, 40% used [0x0000000080000000,0x00000000872942c8,0x0000000091900000)
 Metaspace       used 151857K, capacity 158618K, committed 158744K, reserved 1187840K
  class space    used 18895K, capacity 20158K, committed 20272K, reserved 1048576K
}
Event: 4298.029 GC heap before
{Heap before GC invocations=35 (full 7):
 PSYoungGen      total 534528K, used 419282K [0x00000000d5580000, 0x00000000ffe00000, 0x0000000100000000)
  eden space 386560K, 100% used [0x00000000d5580000,0x00000000ecf00000,0x00000000ecf00000)
  from space 147968K, 22% used [0x00000000ecf00000,0x00000000eeef4900,0x00000000f5f80000)
  to   space 141312K, 0% used [0x00000000f7400000,0x00000000f7400000,0x00000000ffe00000)
 ParOldGen       total 287744K, used 117328K [0x0000000080000000, 0x0000000091900000, 0x00000000d5580000)
  object space 287744K, 40% used [0x0000000080000000,0x00000000872942c8,0x0000000091900000)
 Metaspace       used 159878K, capacity 166820K, committed 167064K, reserved 1196032K
  class space    used 19796K, capacity 21109K, committed 21168K, reserved 1048576K
Event: 4298.720 GC heap after
Heap after GC invocations=35 (full 7):
 PSYoungGen      total 526848K, used 115660K [0x00000000d5580000, 0x0000000100000000, 0x0000000100000000)
  eden space 385536K, 0% used [0x00000000d5580000,0x00000000d5580000,0x00000000ece00000)
  from space 141312K, 81% used [0x00000000f7400000,0x00000000fe4f3138,0x00000000ffe00000)
  to   space 156672K, 0% used [0x00000000ece00000,0x00000000ece00000,0x00000000f6700000)
 ParOldGen       total 287744K, used 117336K [0x0000000080000000, 0x0000000091900000, 0x00000000d5580000)
  object space 287744K, 40% used [0x0000000080000000,0x00000000872962c8,0x0000000091900000)
 Metaspace       used 159878K, capacity 166820K, committed 167064K, reserved 1196032K
  class space    used 19796K, capacity 21109K, committed 21168K, reserved 1048576K
}
Event: 4342.736 GC heap before
{Heap before GC invocations=36 (full 7):
 PSYoungGen      total 526848K, used 501196K [0x00000000d5580000, 0x0000000100000000, 0x0000000100000000)
  eden space 385536K, 100% used [0x00000000d5580000,0x00000000ece00000,0x00000000ece00000)
  from space 141312K, 81% used [0x00000000f7400000,0x00000000fe4f3138,0x00000000ffe00000)
  to   space 156672K, 0% used [0x00000000ece00000,0x00000000ece00000,0x00000000f6700000)
 ParOldGen       total 287744K, used 117336K [0x0000000080000000, 0x0000000091900000, 0x00000000d5580000)
  object space 287744K, 40% used [0x0000000080000000,0x00000000872962c8,0x0000000091900000)
 Metaspace       used 160434K, capacity 167696K, committed 167960K, reserved 1196032K
  class space    used 19863K, capacity 21237K, committed 21296K, reserved 1048576K
Event: 4342.843 GC heap after
Heap after GC invocations=36 (full 7):
 PSYoungGen      total 542208K, used 34374K [0x00000000d5580000, 0x0000000100000000, 0x0000000100000000)
  eden space 385536K, 0% used [0x00000000d5580000,0x00000000d5580000,0x00000000ece00000)
  from space 156672K, 21% used [0x00000000ece00000,0x00000000eef91930,0x00000000f6700000)
  to   space 150528K, 0% used [0x00000000f6d00000,0x00000000f6d00000,0x0000000100000000)
 ParOldGen       total 287744K, used 117336K [0x0000000080000000, 0x0000000091900000, 0x00000000d5580000)
  object space 287744K, 40% used [0x0000000080000000,0x00000000872962c8,0x0000000091900000)
 Metaspace       used 160434K, capacity 167696K, committed 167960K, reserved 1196032K
  class space    used 19863K, capacity 21237K, committed 21296K, reserved 1048576K
}

