# JRE version: OpenJDK Runtime Environment (8.0_242-b01) (build 1.8.0_242-release-1644-b01)
# Java VM: OpenJDK 64-Bit Server VM (25.242-b01 mixed mode windows-amd64 compressed oops)
Heap:
 PSYoungGen      total 504832K, used 191639K [0x00000000d5580000, 0x0000000100000000, 0x0000000100000000)
  eden space 318976K, 56% used [0x00000000d5580000,0x00000000e052c658,0x00000000e8d00000)
  from space 185856K, 6% used [0x00000000e8d00000,0x00000000e98797d8,0x00000000f4280000)
  to   space 179712K, 0% used [0x00000000f5080000,0x00000000f5080000,0x0000000100000000)
 ParOldGen       total 309760K, used 279166K [0x0000000080000000, 0x0000000092e80000, 0x00000000d5580000)
  object space 309760K, 90% used [0x0000000080000000,0x000000009109fbb0,0x0000000092e80000)
 Metaspace       used 231314K, capacity 242148K, committed 242328K, reserved 1261568K
  class space    used 27653K, capacity 29588K, committed 29616K, reserved 1048576K
GC Heap History (10 events):
Event: 8614.619 GC heap before
{Heap before GC invocations=71 (full 6):
 PSYoungGen      total 512512K, used 347060K [0x00000000d5580000, 0x0000000100000000, 0x0000000100000000)
  eden space 337920K, 100% used [0x00000000d5580000,0x00000000e9f80000,0x00000000e9f80000)
  from space 174592K, 5% used [0x00000000f4480000,0x00000000f4d6d030,0x00000000fef00000)
  to   space 168960K, 0% used [0x00000000e9f80000,0x00000000e9f80000,0x00000000f4480000)
 ParOldGen       total 309760K, used 240253K [0x0000000080000000, 0x0000000092e80000, 0x00000000d5580000)
  object space 309760K, 77% used [0x0000000080000000,0x000000008ea9f710,0x0000000092e80000)
 Metaspace       used 223091K, capacity 233550K, committed 234008K, reserved 1255424K
  class space    used 26729K, capacity 28599K, committed 28720K, reserved 1048576K
Event: 8614.887 GC heap after
Heap after GC invocations=71 (full 6):
 PSYoungGen      total 506880K, used 124911K [0x00000000d5580000, 0x0000000100000000, 0x0000000100000000)
  eden space 337920K, 0% used [0x00000000d5580000,0x00000000d5580000,0x00000000e9f80000)
  from space 168960K, 73% used [0x00000000e9f80000,0x00000000f197bf48,0x00000000f4480000)
  to   space 186368K, 0% used [0x00000000f4a00000,0x00000000f4a00000,0x0000000100000000)
 ParOldGen       total 309760K, used 248537K [0x0000000080000000, 0x0000000092e80000, 0x00000000d5580000)
  object space 309760K, 80% used [0x0000000080000000,0x000000008f2b6430,0x0000000092e80000)
 Metaspace       used 223091K, capacity 233550K, committed 234008K, reserved 1255424K
  class space    used 26729K, capacity 28599K, committed 28720K, reserved 1048576K
}
Event: 8618.453 GC heap before
{Heap before GC invocations=72 (full 6):
 PSYoungGen      total 506880K, used 462831K [0x00000000d5580000, 0x0000000100000000, 0x0000000100000000)
  eden space 337920K, 100% used [0x00000000d5580000,0x00000000e9f80000,0x00000000e9f80000)
  from space 168960K, 73% used [0x00000000e9f80000,0x00000000f197bf48,0x00000000f4480000)
  to   space 186368K, 0% used [0x00000000f4a00000,0x00000000f4a00000,0x0000000100000000)
 ParOldGen       total 309760K, used 248537K [0x0000000080000000, 0x0000000092e80000, 0x00000000d5580000)
  object space 309760K, 80% used [0x0000000080000000,0x000000008f2b6430,0x0000000092e80000)
 Metaspace       used 223111K, capacity 233614K, committed 234008K, reserved 1255424K
  class space    used 26729K, capacity 28599K, committed 28720K, reserved 1048576K
Event: 8618.544 GC heap after
Heap after GC invocations=72 (full 6):
 PSYoungGen      total 519680K, used 14401K [0x00000000d5580000, 0x0000000100000000, 0x0000000100000000)
  eden space 333312K, 0% used [0x00000000d5580000,0x00000000d5580000,0x00000000e9b00000)
  from space 186368K, 7% used [0x00000000f4a00000,0x00000000f5810458,0x0000000100000000)
  to   space 179200K, 0% used [0x00000000e9b00000,0x00000000e9b00000,0x00000000f4a00000)
 ParOldGen       total 309760K, used 256403K [0x0000000080000000, 0x0000000092e80000, 0x00000000d5580000)
  object space 309760K, 82% used [0x0000000080000000,0x000000008fa64e58,0x0000000092e80000)
 Metaspace       used 223111K, capacity 233614K, committed 234008K, reserved 1255424K
  class space    used 26729K, capacity 28599K, committed 28720K, reserved 1048576K
}
Event: 8743.467 GC heap before
{Heap before GC invocations=73 (full 6):
 PSYoungGen      total 519680K, used 347713K [0x00000000d5580000, 0x0000000100000000, 0x0000000100000000)
  eden space 333312K, 100% used [0x00000000d5580000,0x00000000e9b00000,0x00000000e9b00000)
  from space 186368K, 7% used [0x00000000f4a00000,0x00000000f5810458,0x0000000100000000)
  to   space 179200K, 0% used [0x00000000e9b00000,0x00000000e9b00000,0x00000000f4a00000)
 ParOldGen       total 309760K, used 256403K [0x0000000080000000, 0x0000000092e80000, 0x00000000d5580000)
  object space 309760K, 82% used [0x0000000080000000,0x000000008fa64e58,0x0000000092e80000)
 Metaspace       used 223220K, capacity 233812K, committed 234264K, reserved 1255424K
  class space    used 26735K, capacity 28610K, committed 28720K, reserved 1048576K
Event: 8743.542 GC heap after
Heap after GC invocations=73 (full 6):
 PSYoungGen      total 353792K, used 20256K [0x00000000d5580000, 0x00000000fea00000, 0x0000000100000000)
  eden space 333312K, 0% used [0x00000000d5580000,0x00000000d5580000,0x00000000e9b00000)
  from space 20480K, 98% used [0x00000000e9b00000,0x00000000eaec8128,0x00000000eaf00000)
  to   space 171520K, 0% used [0x00000000f4280000,0x00000000f4280000,0x00000000fea00000)
 ParOldGen       total 309760K, used 265165K [0x0000000080000000, 0x0000000092e80000, 0x00000000d5580000)
  object space 309760K, 85% used [0x0000000080000000,0x00000000902f37d0,0x0000000092e80000)
 Metaspace       used 223220K, capacity 233812K, committed 234264K, reserved 1255424K
  class space    used 26735K, capacity 28610K, committed 28720K, reserved 1048576K
}
Event: 8748.114 GC heap before
{Heap before GC invocations=74 (full 6):
 PSYoungGen      total 353792K, used 353568K [0x00000000d5580000, 0x00000000fea00000, 0x0000000100000000)
  eden space 333312K, 100% used [0x00000000d5580000,0x00000000e9b00000,0x00000000e9b00000)
  from space 20480K, 98% used [0x00000000e9b00000,0x00000000eaec8128,0x00000000eaf00000)
  to   space 171520K, 0% used [0x00000000f4280000,0x00000000f4280000,0x00000000fea00000)
 ParOldGen       total 309760K, used 265165K [0x0000000080000000, 0x0000000092e80000, 0x00000000d5580000)
  object space 309760K, 85% used [0x0000000080000000,0x00000000902f37d0,0x0000000092e80000)
 Metaspace       used 230932K, capacity 241722K, committed 242072K, reserved 1261568K
  class space    used 27610K, capacity 29517K, committed 29616K, reserved 1048576K
Event: 8748.330 GC heap after
Heap after GC invocations=74 (full 6):
 PSYoungGen      total 490496K, used 119187K [0x00000000d5580000, 0x0000000100000000, 0x0000000100000000)
  eden space 318976K, 0% used [0x00000000d5580000,0x00000000d5580000,0x00000000e8d00000)
  from space 171520K, 69% used [0x00000000f4280000,0x00000000fb6e4de8,0x00000000fea00000)
  to   space 185856K, 0% used [0x00000000e8d00000,0x00000000e8d00000,0x00000000f4280000)
 ParOldGen       total 309760K, used 265173K [0x0000000080000000, 0x0000000092e80000, 0x00000000d5580000)
  object space 309760K, 85% used [0x0000000080000000,0x00000000902f57d0,0x0000000092e80000)
 Metaspace       used 230932K, capacity 241722K, committed 242072K, reserved 1261568K
  class space    used 27610K, capacity 29517K, committed 29616K, reserved 1048576K
}
Event: 8753.869 GC heap before
{Heap before GC invocations=75 (full 6):
 PSYoungGen      total 490496K, used 438163K [0x00000000d5580000, 0x0000000100000000, 0x0000000100000000)
  eden space 318976K, 100% used [0x00000000d5580000,0x00000000e8d00000,0x00000000e8d00000)
  from space 171520K, 69% used [0x00000000f4280000,0x00000000fb6e4de8,0x00000000fea00000)
  to   space 185856K, 0% used [0x00000000e8d00000,0x00000000e8d00000,0x00000000f4280000)
 ParOldGen       total 309760K, used 265173K [0x0000000080000000, 0x0000000092e80000, 0x00000000d5580000)
  object space 309760K, 85% used [0x0000000080000000,0x00000000902f57d0,0x0000000092e80000)
 Metaspace       used 230963K, capacity 241734K, committed 242072K, reserved 1261568K
  class space    used 27611K, capacity 29519K, committed 29616K, reserved 1048576K
Event: 8753.926 GC heap after
Heap after GC invocations=75 (full 6):
 PSYoungGen      total 504832K, used 11749K [0x00000000d5580000, 0x0000000100000000, 0x0000000100000000)
  eden space 318976K, 0% used [0x00000000d5580000,0x00000000d5580000,0x00000000e8d00000)
  from space 185856K, 6% used [0x00000000e8d00000,0x00000000e98797d8,0x00000000f4280000)
  to   space 179712K, 0% used [0x00000000f5080000,0x00000000f5080000,0x0000000100000000)
 ParOldGen       total 309760K, used 279166K [0x0000000080000000, 0x0000000092e80000, 0x00000000d5580000)
  object space 309760K, 90% used [0x0000000080000000,0x000000009109fbb0,0x0000000092e80000)
 Metaspace       used 230963K, capacity 241734K, committed 242072K, reserved 1261568K
  class space    used 27611K, capacity 29519K, committed 29616K, reserved 1048576K
}

