# JRE version: OpenJDK Runtime Environment (8.0_242-b01) (build 1.8.0_242-release-1644-b01)
# Java VM: OpenJDK 64-Bit Server VM (25.242-b01 mixed mode windows-amd64 compressed oops)
Heap:
 PSYoungGen      total 460288K, used 360540K [0x00000000d5580000, 0x00000000fb980000, 0x0000000100000000)
  eden space 350720K, 94% used [0x00000000d5580000,0x00000000e999af40,0x00000000eac00000)
  from space 109568K, 26% used [0x00000000eac00000,0x00000000ec7fc368,0x00000000f1700000)
  to   space 104448K, 0% used [0x00000000f5380000,0x00000000f5380000,0x00000000fb980000)
 ParOldGen       total 315392K, used 167709K [0x0000000080000000, 0x0000000093400000, 0x00000000d5580000)
  object space 315392K, 53% used [0x0000000080000000,0x000000008a3c7640,0x0000000093400000)
 Metaspace       used 119846K, capacity 124302K, committed 124568K, reserved 1159168K
  class space    used 14856K, capacity 15709K, committed 15784K, reserved 1048576K
GC Heap History (10 events):
Event: 1334.589 GC heap before
{Heap before GC invocations=28 (full 5):
 PSYoungGen      total 310272K, used 310244K [0x00000000d5580000, 0x00000000f0b00000, 0x0000000100000000)
  eden space 275456K, 100% used [0x00000000d5580000,0x00000000e6280000,0x00000000e6280000)
  from space 34816K, 99% used [0x00000000e6280000,0x00000000e8479010,0x00000000e8480000)
  to   space 59904K, 0% used [0x00000000ed080000,0x00000000ed080000,0x00000000f0b00000)
 ParOldGen       total 178688K, used 128390K [0x0000000080000000, 0x000000008ae80000, 0x00000000d5580000)
  object space 178688K, 71% used [0x0000000080000000,0x0000000087d61ad0,0x000000008ae80000)
 Metaspace       used 103452K, capacity 107374K, committed 107544K, reserved 1142784K
  class space    used 13052K, capacity 13811K, committed 13864K, reserved 1048576K
Event: 1334.783 GC heap after
Heap after GC invocations=28 (full 5):
 PSYoungGen      total 380416K, used 47874K [0x00000000d5580000, 0x00000000f0e80000, 0x0000000100000000)
  eden space 320512K, 0% used [0x00000000d5580000,0x00000000d5580000,0x00000000e8e80000)
  from space 59904K, 79% used [0x00000000ed080000,0x00000000eff40bd8,0x00000000f0b00000)
  to   space 65536K, 0% used [0x00000000e8e80000,0x00000000e8e80000,0x00000000ece80000)
 ParOldGen       total 178688K, used 134070K [0x0000000080000000, 0x000000008ae80000, 0x00000000d5580000)
  object space 178688K, 75% used [0x0000000080000000,0x00000000882eda08,0x000000008ae80000)
 Metaspace       used 103452K, capacity 107374K, committed 107544K, reserved 1142784K
  class space    used 13052K, capacity 13811K, committed 13864K, reserved 1048576K
}
Event: 1339.479 GC heap before
{Heap before GC invocations=29 (full 5):
 PSYoungGen      total 380416K, used 368386K [0x00000000d5580000, 0x00000000f0e80000, 0x0000000100000000)
  eden space 320512K, 100% used [0x00000000d5580000,0x00000000e8e80000,0x00000000e8e80000)
  from space 59904K, 79% used [0x00000000ed080000,0x00000000eff40bd8,0x00000000f0b00000)
  to   space 65536K, 0% used [0x00000000e8e80000,0x00000000e8e80000,0x00000000ece80000)
 ParOldGen       total 178688K, used 134070K [0x0000000080000000, 0x000000008ae80000, 0x00000000d5580000)
  object space 178688K, 75% used [0x0000000080000000,0x00000000882eda08,0x000000008ae80000)
 Metaspace       used 103683K, capacity 107624K, committed 107800K, reserved 1142784K
  class space    used 13063K, capacity 13830K, committed 13864K, reserved 1048576K
Event: 1339.681 GC heap after
Heap after GC invocations=29 (full 5):
 PSYoungGen      total 386048K, used 54816K [0x00000000d5580000, 0x00000000f5e00000, 0x0000000100000000)
  eden space 320512K, 0% used [0x00000000d5580000,0x00000000d5580000,0x00000000e8e80000)
  from space 65536K, 83% used [0x00000000e8e80000,0x00000000ec4083a8,0x00000000ece80000)
  to   space 72704K, 0% used [0x00000000f1700000,0x00000000f1700000,0x00000000f5e00000)
 ParOldGen       total 178688K, used 134078K [0x0000000080000000, 0x000000008ae80000, 0x00000000d5580000)
  object space 178688K, 75% used [0x0000000080000000,0x00000000882efa08,0x000000008ae80000)
 Metaspace       used 103683K, capacity 107624K, committed 107800K, reserved 1142784K
  class space    used 13063K, capacity 13830K, committed 13864K, reserved 1048576K
}
Event: 1346.552 GC heap before
{Heap before GC invocations=30 (full 5):
 PSYoungGen      total 386048K, used 375328K [0x00000000d5580000, 0x00000000f5e00000, 0x0000000100000000)
  eden space 320512K, 100% used [0x00000000d5580000,0x00000000e8e80000,0x00000000e8e80000)
  from space 65536K, 83% used [0x00000000e8e80000,0x00000000ec4083a8,0x00000000ece80000)
  to   space 72704K, 0% used [0x00000000f1700000,0x00000000f1700000,0x00000000f5e00000)
 ParOldGen       total 178688K, used 134078K [0x0000000080000000, 0x000000008ae80000, 0x00000000d5580000)
  object space 178688K, 75% used [0x0000000080000000,0x00000000882efa08,0x000000008ae80000)
 Metaspace       used 111498K, capacity 115544K, committed 115864K, reserved 1150976K
  class space    used 13941K, capacity 14738K, committed 14760K, reserved 1048576K
Event: 1347.045 GC heap after
Heap after GC invocations=30 (full 5):
 PSYoungGen      total 423424K, used 72681K [0x00000000d5580000, 0x00000000fa080000, 0x0000000100000000)
  eden space 350720K, 0% used [0x00000000d5580000,0x00000000d5580000,0x00000000eac00000)
  from space 72704K, 99% used [0x00000000f1700000,0x00000000f5dfa508,0x00000000f5e00000)
  to   space 109568K, 0% used [0x00000000eac00000,0x00000000eac00000,0x00000000f1700000)
 ParOldGen       total 201728K, used 200951K [0x0000000080000000, 0x000000008c500000, 0x00000000d5580000)
  object space 201728K, 99% used [0x0000000080000000,0x000000008c43def8,0x000000008c500000)
 Metaspace       used 111498K, capacity 115544K, committed 115864K, reserved 1150976K
  class space    used 13941K, capacity 14738K, committed 14760K, reserved 1048576K
}
Event: 1347.046 GC heap before
{Heap before GC invocations=31 (full 6):
 PSYoungGen      total 423424K, used 72681K [0x00000000d5580000, 0x00000000fa080000, 0x0000000100000000)
  eden space 350720K, 0% used [0x00000000d5580000,0x00000000d5580000,0x00000000eac00000)
  from space 72704K, 99% used [0x00000000f1700000,0x00000000f5dfa508,0x00000000f5e00000)
  to   space 109568K, 0% used [0x00000000eac00000,0x00000000eac00000,0x00000000f1700000)
 ParOldGen       total 201728K, used 200951K [0x0000000080000000, 0x000000008c500000, 0x00000000d5580000)
  object space 201728K, 99% used [0x0000000080000000,0x000000008c43def8,0x000000008c500000)
 Metaspace       used 111498K, capacity 115544K, committed 115864K, reserved 1150976K
  class space    used 13941K, capacity 14738K, committed 14760K, reserved 1048576K
Event: 1348.515 GC heap after
Heap after GC invocations=31 (full 6):
 PSYoungGen      total 423424K, used 0K [0x00000000d5580000, 0x00000000fa080000, 0x0000000100000000)
  eden space 350720K, 0% used [0x00000000d5580000,0x00000000d5580000,0x00000000eac00000)
  from space 72704K, 0% used [0x00000000f1700000,0x00000000f1700000,0x00000000f5e00000)
  to   space 109568K, 0% used [0x00000000eac00000,0x00000000eac00000,0x00000000f1700000)
 ParOldGen       total 315392K, used 167701K [0x0000000080000000, 0x0000000093400000, 0x00000000d5580000)
  object space 315392K, 53% used [0x0000000080000000,0x000000008a3c5640,0x0000000093400000)
 Metaspace       used 111498K, capacity 115544K, committed 115864K, reserved 1150976K
  class space    used 13941K, capacity 14738K, committed 14760K, reserved 1048576K
}
Event: 1386.907 GC heap before
{Heap before GC invocations=32 (full 6):
 PSYoungGen      total 423424K, used 350720K [0x00000000d5580000, 0x00000000fa080000, 0x0000000100000000)
  eden space 350720K, 100% used [0x00000000d5580000,0x00000000eac00000,0x00000000eac00000)
  from space 72704K, 0% used [0x00000000f1700000,0x00000000f1700000,0x00000000f5e00000)
  to   space 109568K, 0% used [0x00000000eac00000,0x00000000eac00000,0x00000000f1700000)
 ParOldGen       total 315392K, used 167701K [0x0000000080000000, 0x0000000093400000, 0x00000000d5580000)
  object space 315392K, 53% used [0x0000000080000000,0x000000008a3c5640,0x0000000093400000)
 Metaspace       used 112056K, capacity 116398K, committed 116504K, reserved 1150976K
  class space    used 13980K, capacity 14803K, committed 14888K, reserved 1048576K
Event: 1386.970 GC heap after
Heap after GC invocations=32 (full 6):
 PSYoungGen      total 460288K, used 28656K [0x00000000d5580000, 0x00000000fb980000, 0x0000000100000000)
  eden space 350720K, 0% used [0x00000000d5580000,0x00000000d5580000,0x00000000eac00000)
  from space 109568K, 26% used [0x00000000eac00000,0x00000000ec7fc368,0x00000000f1700000)
  to   space 104448K, 0% used [0x00000000f5380000,0x00000000f5380000,0x00000000fb980000)
 ParOldGen       total 315392K, used 167709K [0x0000000080000000, 0x0000000093400000, 0x00000000d5580000)
  object space 315392K, 53% used [0x0000000080000000,0x000000008a3c7640,0x0000000093400000)
 Metaspace       used 112056K, capacity 116398K, committed 116504K, reserved 1150976K
  class space    used 13980K, capacity 14803K, committed 14888K, reserved 1048576K
}

